<?xml version="1.0" encoding="UTF-8"?>
<!-- Generated by org.testng.reporters.JUnitReportReporter -->
<testsuite hostname="Shubham-Kahure" failures="0" tests="1" name="Com.Ecommerce.TestCases.TC_LoginApplication" time="10.479" errors="0" timestamp="2024-03-19T12:27:42 IST" skipped="0">
  <testcase classname="Com.Ecommerce.TestCases.TC_LoginApplication" name="Login" time="10.479"/>
</testsuite> <!-- Com.Ecommerce.TestCases.TC_LoginApplication -->
