<?xml version="1.0" encoding="UTF-8"?>
<!-- Generated by org.testng.reporters.JUnitReportReporter -->
<testsuite hostname="Shubham-Kahure" failures="0" tests="1" name="Com.Ecommerce.TestCases.TC_NewRegistration" time="9.502" errors="0" timestamp="2024-03-19T12:23:44 IST" skipped="0">
  <testcase classname="Com.Ecommerce.TestCases.TC_NewRegistration" name="Registration" time="9.502"/>
</testsuite> <!-- Com.Ecommerce.TestCases.TC_NewRegistration -->
