<?xml version="1.0" encoding="UTF-8"?>
<!-- Generated by org.testng.reporters.JUnitReportReporter -->
<testsuite hostname="Shubham-Kahure" failures="0" tests="4" name="Com.Ecommerce.TestCases.TC_LoginDataTest" time="43.524" errors="0" timestamp="2024-03-19T12:38:28 IST" skipped="0">
  <testcase classname="Com.Ecommerce.TestCases.TC_LoginDataTest" name="LoginData" time="10.109"/>
  <testcase classname="Com.Ecommerce.TestCases.TC_LoginDataTest" name="LoginData" time="11.708"/>
  <testcase classname="Com.Ecommerce.TestCases.TC_LoginDataTest" name="LoginData" time="11.292"/>
  <testcase classname="Com.Ecommerce.TestCases.TC_LoginDataTest" name="LoginData" time="10.415"/>
</testsuite> <!-- Com.Ecommerce.TestCases.TC_LoginDataTest -->
